<?xml version="1.0" encoding="UTF-8"?>
<!-- Generated by org.testng.reporters.JUnitReportReporter -->
<testsuite hostname="Alexs-MacBook-Pro.local" name="Tests.TestSignInAndNotebook" tests="5" failures="0" timestamp="22 Jul 2016 18:40:59 GMT" time="15.801" errors="0">
  <testcase name="makeNewNotebook" time="1.126" classname="Tests.TestSignInAndNotebook"/>
  <testcase name="signIn" time="4.761" classname="Tests.TestSignInAndNotebook"/>
  <testcase name="goToWolframCloudDotCom" time="1.293" classname="Tests.TestSignInAndNotebook"/>
  <testcase name="clickWdpBtn" time="2.133" classname="Tests.TestSignInAndNotebook"/>
  <testcase name="checkFileFormat" time="6.488" classname="Tests.TestSignInAndNotebook"/>
</testsuite> <!-- Tests.TestSignInAndNotebook -->
